npm error code ERESOLVE
npm error ERESOLVE could not resolve
npm error
npm error While resolving: next-sanity@9.10.6
npm error Found: @sanity/ui@3.1.10
npm error node_modules/@sanity/ui
npm error   @sanity/ui@"^3.1.5" from @sanity/vision@4.10.3
npm error   node_modules/@sanity/vision
npm error     @sanity/vision@"^4.10.3" from the root project
npm error
npm error Could not resolve dependency:
npm error peer @sanity/ui@"^2.15.14" from next-sanity@9.10.6
npm error node_modules/next-sanity
npm error   next-sanity@"^9.10.6" from the root project
npm error
npm error Conflicting peer dependency: @sanity/ui@2.16.22
npm error node_modules/@sanity/ui
npm error   peer @sanity/ui@"^2.15.14" from next-sanity@9.10.6
npm error   node_modules/next-sanity
npm error     next-sanity@"^9.10.6" from the root project
npm error
npm error Fix the upstream dependency conflict, or retry
npm error this command with --force or --legacy-peer-deps
npm error to accept an incorrect (and potentially broken) dependency resolution.
npm error
npm error
npm error For a full report see:
npm error C:\Users\Lenovo\AppData\Local\npm-cache\_logs\2025-11-15T21_46_11_394Z-eresolve-report.txt
npm error A complete log of this run can be found in: C:\Users\Lenovo\AppData\Local\npm-cache\_logs\2025-11-15T21_46_11_394Z-debug-0.log
