npm warn ERESOLVE overriding peer dependency
npm warn While resolving: @sanity/visual-editing@3.2.4
npm warn Found: @sanity/client@6.29.1
npm warn node_modules/@sanity/visual-editing/node_modules/@sanity/client
npm warn   @sanity/client@"^6.22.4" from @sanity/mutate@0.11.0-canary.4
npm warn   node_modules/@sanity/visual-editing/node_modules/@sanity/mutate
npm warn     @sanity/mutate@"0.11.0-canary.4" from @sanity/visual-editing@3.2.4
npm warn     node_modules/@sanity/visual-editing
npm warn
npm warn Could not resolve dependency:
npm warn peerOptional @sanity/client@"^7.11.2" from @sanity/visual-editing@3.2.4
npm warn node_modules/@sanity/visual-editing
npm warn   @sanity/visual-editing@"^3.0.5" from next-sanity@10.1.4
npm warn   node_modules/next-sanity
npm error code ERESOLVE
npm error ERESOLVE could not resolve
npm error
npm error While resolving: next-sanity@10.1.4
npm error Found: sanity@3.87.1
npm error node_modules/sanity
npm error   peerOptional sanity@"*" from @sanity/preview-url-secret@2.1.15
npm error   node_modules/@sanity/preview-url-secret
npm error     @sanity/preview-url-secret@"^2.1.15" from @sanity/visual-editing@3.2.4
npm error     node_modules/@sanity/visual-editing
npm error       @sanity/visual-editing@"^3.0.5" from next-sanity@10.1.4
npm error       node_modules/next-sanity
npm error         next-sanity@"^10.1.4" from the root project
npm error     @sanity/preview-url-secret@"^2.1.15" from next-sanity@10.1.4
npm error     node_modules/next-sanity
npm error       next-sanity@"^10.1.4" from the root project
npm error     1 more (sanity)
npm error   peer sanity@"^3.23 || ^4.0.0-0" from sanity-plugin-markdown@5.1.3
npm error   node_modules/sanity-plugin-markdown
npm error     sanity-plugin-markdown@"^5.1.3" from the root project
npm error   1 more (the root project)
npm error
npm error Could not resolve dependency:
npm error peer sanity@"^4.7.0" from next-sanity@10.1.4
npm error node_modules/next-sanity
npm error   next-sanity@"^10.1.4" from the root project
npm error
npm error Conflicting peer dependency: sanity@4.15.0
npm error node_modules/sanity
npm error   peer sanity@"^4.7.0" from next-sanity@10.1.4
npm error   node_modules/next-sanity
npm error     next-sanity@"^10.1.4" from the root project
npm error
npm error Fix the upstream dependency conflict, or retry
npm error this command with --force or --legacy-peer-deps
npm error to accept an incorrect (and potentially broken) dependency resolution.
npm error
npm error
npm error For a full report see:
npm error C:\Users\Lenovo\AppData\Local\npm-cache\_logs\2025-11-15T22_11_40_482Z-eresolve-report.txt
npm error A complete log of this run can be found in: C:\Users\Lenovo\AppData\Local\npm-cache\_logs\2025-11-15T22_11_40_482Z-debug-0.log
